<?xml version="1.0" encoding="UTF-8"?>
<!-- Generated by org.testng.reporters.JUnitXMLReporter -->
<testsuite ignored="0" hostname="DESKTOP-N8M30BU" failures="0" tests="6" name="Default test" time="211.45" errors="0" timestamp="2022-07-20T15:52:05 IST">
  <testcase classname="Test.AulascareOperation" name="ChatWithInstitute" time="45.079"/>
  <testcase classname="Test.AulascareOperation" name="CallInstitute" time="14.987"/>
  <testcase classname="Test.AulascareOperation" name="FAQs" time="17.404"/>
  <testcase classname="Test.AulascareOperation" name="ChatWithTeam" time="32.975"/>
  <testcase classname="Test.AulascareOperation" name="CallAulas" time="24.729"/>
  <testcase classname="Test.AulascareOperation" name="Covid19Resource" time="76.131"/>
</testsuite> <!-- Default test -->
