<?xml version="1.0" encoding="UTF-8"?>
<testng-results ignored="0" total="6" passed="6" failed="0" skipped="0">
  <reporter-output>
  </reporter-output>
  <suite started-at="2022-07-20T15:48:34 IST" name="Default suite" finished-at="2022-07-20T15:52:05 IST" duration-ms="211450">
    <groups>
    </groups>
    <test started-at="2022-07-20T15:48:34 IST" name="Default test" finished-at="2022-07-20T15:52:05 IST" duration-ms="211450">
      <class name="Test.AulascareOperation">
        <test-method is-config="true" signature="setup()[pri:0, instance:Test.AulascareOperation@7d4f9aae]" started-at="2022-07-20T15:48:14 IST" name="setup" finished-at="2022-07-20T15:48:34 IST" duration-ms="20232" status="PASS">
          <reporter-output>
          </reporter-output>
        </test-method> <!-- setup -->
        <test-method signature="ChatWithInstitute()[pri:1, instance:Test.AulascareOperation@7d4f9aae]" started-at="2022-07-20T15:48:34 IST" name="ChatWithInstitute" finished-at="2022-07-20T15:49:19 IST" duration-ms="45079" status="PASS">
          <reporter-output>
          </reporter-output>
        </test-method> <!-- ChatWithInstitute -->
        <test-method signature="CallInstitute()[pri:2, instance:Test.AulascareOperation@7d4f9aae]" started-at="2022-07-20T15:49:19 IST" name="CallInstitute" finished-at="2022-07-20T15:49:34 IST" duration-ms="14987" status="PASS">
          <reporter-output>
          </reporter-output>
        </test-method> <!-- CallInstitute -->
        <test-method signature="FAQs()[pri:3, instance:Test.AulascareOperation@7d4f9aae]" started-at="2022-07-20T15:49:34 IST" name="FAQs" finished-at="2022-07-20T15:49:52 IST" duration-ms="17404" status="PASS">
          <reporter-output>
          </reporter-output>
        </test-method> <!-- FAQs -->
        <test-method signature="ChatWithTeam()[pri:4, instance:Test.AulascareOperation@7d4f9aae]" started-at="2022-07-20T15:49:52 IST" name="ChatWithTeam" finished-at="2022-07-20T15:50:25 IST" duration-ms="32975" status="PASS">
          <reporter-output>
          </reporter-output>
        </test-method> <!-- ChatWithTeam -->
        <test-method signature="CallAulas()[pri:5, instance:Test.AulascareOperation@7d4f9aae]" started-at="2022-07-20T15:50:25 IST" name="CallAulas" finished-at="2022-07-20T15:50:49 IST" duration-ms="24729" status="PASS">
          <reporter-output>
          </reporter-output>
        </test-method> <!-- CallAulas -->
        <test-method signature="Covid19Resource()[pri:6, instance:Test.AulascareOperation@7d4f9aae]" started-at="2022-07-20T15:50:49 IST" name="Covid19Resource" finished-at="2022-07-20T15:52:05 IST" duration-ms="76131" status="PASS">
          <reporter-output>
          </reporter-output>
        </test-method> <!-- Covid19Resource -->
      </class> <!-- Test.AulascareOperation -->
    </test> <!-- Default test -->
  </suite> <!-- Default suite -->
</testng-results>
